[debug] [2022-09-29T10:27:39.678Z] ----------------------------------------------------------------------
[debug] [2022-09-29T10:27:39.682Z] Command:       C:\Program Files\nodejs\node.exe C:\Users\NTF-321\AppData\Roaming\npm\node_modules\firebase-tools\lib\bin\firebase.js login
[debug] [2022-09-29T10:27:39.682Z] CLI Version:   11.11.0
[debug] [2022-09-29T10:27:39.683Z] Platform:      win32
[debug] [2022-09-29T10:27:39.683Z] Node Version:  v16.13.2
[debug] [2022-09-29T10:27:39.684Z] Time:          Thu Sep 29 2022 15:57:39 GMT+0530 (India Standard Time)
[debug] [2022-09-29T10:27:39.685Z] ----------------------------------------------------------------------
[debug] 
[debug] [2022-09-29T10:27:39.690Z] >>> [apiv2][query] GET https://firebase-public.firebaseio.com/cli.json [none]
[info] i  Firebase optionally collects CLI and Emulator Suite usage and error reporting information to help improve our products. Data is collected in accordance with Google's privacy policy (https://policies.google.com/privacy) and is not used to identify you.
 
[debug] [2022-09-29T10:27:40.478Z] <<< [apiv2][status] GET https://firebase-public.firebaseio.com/cli.json 200
[debug] [2022-09-29T10:27:40.480Z] <<< [apiv2][body] GET https://firebase-public.firebaseio.com/cli.json {"cloudBuildErrorAfter":1594252800000,"cloudBuildWarnAfter":1590019200000,"defaultNode10After":1594252800000,"minVersion":"3.0.5","node8DeploysDisabledAfter":1613390400000,"node8RuntimeDisabledAfter":1615809600000,"node8WarnAfter":1600128000000}
[info] i  To change your data collection preference at any time, run `firebase logout` and log in again. 
[info] 
[info] Visit this URL on this device to log in:
[info] https://accounts.google.com/o/oauth2/auth?client_id=563584335869-fgrhgmd47bqnekij5i8b5pr03ho849e6.apps.googleusercontent.com&scope=email%20openid%20https%3A%2F%2Fwww.googleapis.com%2Fauth%2Fcloudplatformprojects.readonly%20https%3A%2F%2Fwww.googleapis.com%2Fauth%2Ffirebase%20https%3A%2F%2Fwww.googleapis.com%2Fauth%2Fcloud-platform&response_type=code&state=810695594&redirect_uri=http%3A%2F%2Flocalhost%3A9005
[info] 
[info] Waiting for authentication...
[debug] [2022-09-29T10:27:44.566Z] Error: spawn cmd ENOENT
    at Process.ChildProcess._handle.onexit (node:internal/child_process:282:19)
    at onErrorNT (node:internal/child_process:477:16)
    at processTicksAndRejections (node:internal/process/task_queues:83:21)
[error] 
[error] Error: An unexpected error has occurred.
[debug] [2022-09-29T10:28:34.349Z] ----------------------------------------------------------------------
[debug] [2022-09-29T10:28:34.353Z] Command:       C:\Program Files\nodejs\node.exe C:\Users\NTF-321\AppData\Roaming\npm\node_modules\firebase-tools\lib\bin\firebase.js login
[debug] [2022-09-29T10:28:34.354Z] CLI Version:   11.11.0
[debug] [2022-09-29T10:28:34.354Z] Platform:      win32
[debug] [2022-09-29T10:28:34.354Z] Node Version:  v16.13.2
[debug] [2022-09-29T10:28:34.355Z] Time:          Thu Sep 29 2022 15:58:34 GMT+0530 (India Standard Time)
[debug] [2022-09-29T10:28:34.356Z] ----------------------------------------------------------------------
[debug] 
[info] i  Firebase optionally collects CLI and Emulator Suite usage and error reporting information to help improve our products. Data is collected in accordance with Google's privacy policy (https://policies.google.com/privacy) and is not used to identify you.
 
[info] 
[info] Visit this URL on this device to log in:
[info] https://accounts.google.com/o/oauth2/auth?client_id=563584335869-fgrhgmd47bqnekij5i8b5pr03ho849e6.apps.googleusercontent.com&scope=email%20openid%20https%3A%2F%2Fwww.googleapis.com%2Fauth%2Fcloudplatformprojects.readonly%20https%3A%2F%2Fwww.googleapis.com%2Fauth%2Ffirebase%20https%3A%2F%2Fwww.googleapis.com%2Fauth%2Fcloud-platform&response_type=code&state=1028403514&redirect_uri=http%3A%2F%2Flocalhost%3A9005
[info] 
[info] Waiting for authentication...
[debug] [2022-09-29T10:28:42.993Z] Error: spawn cmd ENOENT
    at Process.ChildProcess._handle.onexit (node:internal/child_process:282:19)
    at onErrorNT (node:internal/child_process:477:16)
    at processTicksAndRejections (node:internal/process/task_queues:83:21)
[error] 
[error] Error: An unexpected error has occurred.
[debug] [2022-09-29T10:28:54.984Z] ----------------------------------------------------------------------
[debug] [2022-09-29T10:28:54.987Z] Command:       C:\Program Files\nodejs\node.exe C:\Users\NTF-321\AppData\Roaming\npm\node_modules\firebase-tools\lib\bin\firebase.js login
[debug] [2022-09-29T10:28:54.988Z] CLI Version:   11.11.0
[debug] [2022-09-29T10:28:54.988Z] Platform:      win32
[debug] [2022-09-29T10:28:54.988Z] Node Version:  v16.13.2
[debug] [2022-09-29T10:28:54.990Z] Time:          Thu Sep 29 2022 15:58:54 GMT+0530 (India Standard Time)
[debug] [2022-09-29T10:28:54.990Z] ----------------------------------------------------------------------
[debug] 
[info] i  Firebase optionally collects CLI and Emulator Suite usage and error reporting information to help improve our products. Data is collected in accordance with Google's privacy policy (https://policies.google.com/privacy) and is not used to identify you.
 
[info] i  To change your data collection preference at any time, run `firebase logout` and log in again. 
[info] 
[info] Visit this URL on this device to log in:
[info] https://accounts.google.com/o/oauth2/auth?client_id=563584335869-fgrhgmd47bqnekij5i8b5pr03ho849e6.apps.googleusercontent.com&scope=email%20openid%20https%3A%2F%2Fwww.googleapis.com%2Fauth%2Fcloudplatformprojects.readonly%20https%3A%2F%2Fwww.googleapis.com%2Fauth%2Ffirebase%20https%3A%2F%2Fwww.googleapis.com%2Fauth%2Fcloud-platform&response_type=code&state=152135144&redirect_uri=http%3A%2F%2Flocalhost%3A9005
[info] 
[info] Waiting for authentication...
[debug] [2022-09-29T10:28:56.854Z] Error: spawn cmd ENOENT
    at Process.ChildProcess._handle.onexit (node:internal/child_process:282:19)
    at onErrorNT (node:internal/child_process:477:16)
    at processTicksAndRejections (node:internal/process/task_queues:83:21)
[error] 
[error] Error: An unexpected error has occurred.
[debug] [2022-09-29T10:28:57.047Z] >>> [apiv2][query] POST https://auth.firebase.tools/attest [none]
[debug] [2022-09-29T10:28:57.047Z] >>> [apiv2][body] POST https://auth.firebase.tools/attest {"session_id":"2ae1c174-21ee-4591-b131-3a0c041f59fc"}
